<?xml version="1.0" encoding="UTF-8"?>
<!-- Generated by org.testng.reporters.JUnitReportReporter -->
<testsuite hostname="DESKTOP-J5TRUJL" failures="0" tests="1" name="datadriventest.Datadriventtest4" time="5.853" errors="0" timestamp="2024-02-07T22:20:50 IST" skipped="0">
  <testcase classname="datadriventest.Datadriventtest4" name="testPostAPI" time="5.853"/>
</testsuite> <!-- datadriventest.Datadriventtest4 -->
