<?xml version="1.0" encoding="UTF-8"?>
<!-- Generated by org.testng.reporters.JUnitReportReporter -->
<testsuite hostname="DESKTOP-J5TRUJL" failures="0" tests="1" name="datadriventest.Datadriventest3" time="5.898" errors="0" timestamp="2024-02-07T22:17:49 IST" skipped="0">
  <testcase classname="datadriventest.Datadriventest3" name="testPostAPI" time="5.898"/>
</testsuite> <!-- datadriventest.Datadriventest3 -->
