<?xml version="1.0" encoding="UTF-8"?>
<!-- Generated by org.testng.reporters.JUnitReportReporter -->
<testsuite hostname="DESKTOP-J5TRUJL" failures="0" tests="1" name="datadriventest.Datadriventestwithjsonfile" time="2.082" errors="0" timestamp="2024-01-31T21:22:57 IST" skipped="0">
  <testcase classname="datadriventest.Datadriventestwithjsonfile" name="postmethod" time="2.082"/>
</testsuite> <!-- datadriventest.Datadriventestwithjsonfile -->
