<?xml version="1.0" encoding="UTF-8"?>
<!-- Generated by org.testng.reporters.JUnitReportReporter -->
<testsuite hostname="DESKTOP-J5TRUJL" failures="0" tests="1" name="gherkinKeywords.keywordsmethod" time="2.117" errors="0" timestamp="2024-01-29T07:35:47 IST" skipped="0">
  <testcase classname="gherkinKeywords.keywordsmethod" name="createResource" time="2.117"/>
</testsuite> <!-- gherkinKeywords.keywordsmethod -->
