<?xml version="1.0" encoding="UTF-8"?>
<!-- Generated by org.testng.reporters.JUnitReportReporter -->
<testsuite hostname="DESKTOP-J5TRUJL" failures="0" tests="1" name="test_NG.Annotations2" time="0.287" errors="0" timestamp="2024-03-04T10:13:42 IST" skipped="0">
  <testcase classname="test_NG.Annotations2" name="mid" time="0.287"/>
  <system-out/>
</testsuite> <!-- test_NG.Annotations2 -->
