<?xml version="1.0" encoding="UTF-8"?>
<!-- Generated by org.testng.reporters.JUnitReportReporter -->
<testsuite hostname="DESKTOP-J5TRUJL" failures="0" tests="4" name="test_NG.Dataprovider" time="40.298" errors="0" timestamp="2024-03-04T15:03:46 IST" skipped="0">
  <testcase classname="test_NG.Dataprovider" name="linkedin" time="16.542"/>
  <system-out/>
  <testcase classname="test_NG.Dataprovider" name="linkedin" time="8.008"/>
  <system-out/>
  <testcase classname="test_NG.Dataprovider" name="linkedin" time="7.557"/>
  <system-out/>
  <testcase classname="test_NG.Dataprovider" name="linkedin" time="8.191"/>
  <system-out/>
</testsuite> <!-- test_NG.Dataprovider -->
