<?xml version="1.0" encoding="UTF-8"?>
<!-- Generated by org.testng.reporters.JUnitReportReporter -->
<testsuite hostname="DESKTOP-J5TRUJL" failures="0" tests="1" name="test_NG_suite.Suite3" time="4.320" errors="0" timestamp="2024-03-12T12:48:19 IST" skipped="0">
  <testcase classname="test_NG_suite.Suite3" name="mid" time="4.320"/>
  <system-out/>
</testsuite> <!-- test_NG_suite.Suite3 -->
